[2025-05-17 12:12:53Z INFO HostContext] No proxy settings were found based on environmental variables (http_proxy/https_proxy/HTTP_PROXY/HTTPS_PROXY)
[2025-05-17 12:12:53Z INFO HostContext] Well known directory 'Bin': 'C:\Users\patri\site\mariliakarateka\actions-runner\bin'
[2025-05-17 12:12:53Z INFO HostContext] Well known directory 'Root': 'C:\Users\patri\site\mariliakarateka\actions-runner'
[2025-05-17 12:12:53Z INFO HostContext] Well known config file 'Credentials': 'C:\Users\patri\site\mariliakarateka\actions-runner\.credentials'
[2025-05-17 12:12:54Z INFO HostContext] Well known directory 'Bin': 'C:\Users\patri\site\mariliakarateka\actions-runner\bin'
[2025-05-17 12:12:54Z INFO HostContext] Well known directory 'Root': 'C:\Users\patri\site\mariliakarateka\actions-runner'
[2025-05-17 12:12:54Z INFO HostContext] Well known config file 'Runner': 'C:\Users\patri\site\mariliakarateka\actions-runner\.runner'
[2025-05-17 12:12:54Z INFO Listener] Runner is built for Windows (X64) - win-x64.
[2025-05-17 12:12:54Z INFO Listener] RuntimeInformation: Microsoft Windows 10.0.26100.
[2025-05-17 12:12:54Z INFO Listener] Version: 2.317.0
[2025-05-17 12:12:54Z INFO Listener] Commit: 6dc005ee3690a0303e0d7269b6f60295d22dcfad
[2025-05-17 12:12:54Z INFO Listener] Culture: pt-BR
[2025-05-17 12:12:54Z INFO Listener] UI Culture: pt-BR
[2025-05-17 12:12:54Z INFO HostContext] Well known directory 'Bin': 'C:\Users\patri\site\mariliakarateka\actions-runner\bin'
[2025-05-17 12:12:54Z INFO HostContext] Well known directory 'Root': 'C:\Users\patri\site\mariliakarateka\actions-runner'
[2025-05-17 12:12:54Z INFO Listener] Validating directory permissions for: 'C:\Users\patri\site\mariliakarateka\actions-runner'
[2025-05-17 12:12:54Z INFO CommandLineParser] Parse
[2025-05-17 12:12:54Z INFO CommandLineParser] Parsing 1 args
[2025-05-17 12:12:54Z INFO CommandLineParser] parsing argument
[2025-05-17 12:12:54Z INFO CommandLineParser] HasArgs: False
[2025-05-17 12:12:54Z INFO CommandLineParser] Adding Command: run
[2025-05-17 12:12:54Z INFO Listener] Arguments parsed
