[2025-05-17 02:19:41Z INFO HostContext] No proxy settings were found based on environmental variables (http_proxy/https_proxy/HTTP_PROXY/HTTPS_PROXY)
[2025-05-17 02:19:41Z INFO HostContext] Well known directory 'Bin': 'C:\Users\patri\site\mariliakarateka\actions-runner\bin'
[2025-05-17 02:19:41Z INFO HostContext] Well known directory 'Root': 'C:\Users\patri\site\mariliakarateka\actions-runner'
[2025-05-17 02:19:41Z INFO HostContext] Well known config file 'Credentials': 'C:\Users\patri\site\mariliakarateka\actions-runner\.credentials'
[2025-05-17 02:19:41Z INFO HostContext] Well known directory 'Bin': 'C:\Users\patri\site\mariliakarateka\actions-runner\bin'
[2025-05-17 02:19:41Z INFO HostContext] Well known directory 'Root': 'C:\Users\patri\site\mariliakarateka\actions-runner'
[2025-05-17 02:19:41Z INFO HostContext] Well known config file 'Runner': 'C:\Users\patri\site\mariliakarateka\actions-runner\.runner'
[2025-05-17 02:19:41Z INFO Listener] Runner is built for Windows (X64) - win-x64.
[2025-05-17 02:19:41Z INFO Listener] RuntimeInformation: Microsoft Windows 10.0.26100.
[2025-05-17 02:19:41Z INFO Listener] Version: 2.317.0
[2025-05-17 02:19:41Z INFO Listener] Commit: 6dc005ee3690a0303e0d7269b6f60295d22dcfad
[2025-05-17 02:19:41Z INFO Listener] Culture: pt-BR
[2025-05-17 02:19:41Z INFO Listener] UI Culture: pt-BR
[2025-05-17 02:19:41Z INFO HostContext] Well known directory 'Bin': 'C:\Users\patri\site\mariliakarateka\actions-runner\bin'
[2025-05-17 02:19:41Z INFO HostContext] Well known directory 'Root': 'C:\Users\patri\site\mariliakarateka\actions-runner'
[2025-05-17 02:19:41Z INFO Listener] Validating directory permissions for: 'C:\Users\patri\site\mariliakarateka\actions-runner'
[2025-05-17 02:19:41Z INFO CommandLineParser] Parse
[2025-05-17 02:19:41Z INFO CommandLineParser] Parsing 1 args
[2025-05-17 02:19:41Z INFO CommandLineParser] parsing argument
[2025-05-17 02:19:41Z INFO CommandLineParser] HasArgs: False
[2025-05-17 02:19:41Z INFO CommandLineParser] Adding Command: run
[2025-05-17 02:19:41Z INFO Listener] Arguments parsed
[2025-05-17 02:19:41Z INFO Runner] ExecuteCommand
[2025-05-17 02:19:41Z INFO ConfigurationStore] currentAssemblyLocation: C:\Users\patri\site\mariliakarateka\actions-runner\bin\Runner.Listener.dll
[2025-05-17 02:19:41Z INFO HostContext] Well known directory 'Bin': 'C:\Users\patri\site\mariliakarateka\actions-runner\bin'
[2025-05-17 02:19:41Z INFO ConfigurationStore] binPath: C:\Users\patri\site\mariliakarateka\actions-runner\bin
[2025-05-17 02:19:41Z INFO HostContext] Well known directory 'Bin': 'C:\Users\patri\site\mariliakarateka\actions-runner\bin'
[2025-05-17 02:19:41Z INFO HostContext] Well known directory 'Root': 'C:\Users\patri\site\mariliakarateka\actions-runner'
[2025-05-17 02:19:41Z INFO ConfigurationStore] RootFolder: C:\Users\patri\site\mariliakarateka\actions-runner
[2025-05-17 02:19:41Z INFO HostContext] Well known directory 'Bin': 'C:\Users\patri\site\mariliakarateka\actions-runner\bin'
[2025-05-17 02:19:41Z INFO HostContext] Well known directory 'Root': 'C:\Users\patri\site\mariliakarateka\actions-runner'
[2025-05-17 02:19:41Z INFO HostContext] Well known config file 'Runner': 'C:\Users\patri\site\mariliakarateka\actions-runner\.runner'
[2025-05-17 02:19:41Z INFO ConfigurationStore] ConfigFilePath: C:\Users\patri\site\mariliakarateka\actions-runner\.runner
[2025-05-17 02:19:41Z INFO HostContext] Well known directory 'Bin': 'C:\Users\patri\site\mariliakarateka\actions-runner\bin'
[2025-05-17 02:19:41Z INFO HostContext] Well known directory 'Root': 'C:\Users\patri\site\mariliakarateka\actions-runner'
[2025-05-17 02:19:41Z INFO HostContext] Well known config file 'Credentials': 'C:\Users\patri\site\mariliakarateka\actions-runner\.credentials'
[2025-05-17 02:19:41Z INFO ConfigurationStore] CredFilePath: C:\Users\patri\site\mariliakarateka\actions-runner\.credentials
[2025-05-17 02:19:41Z INFO HostContext] Well known directory 'Bin': 'C:\Users\patri\site\mariliakarateka\actions-runner\bin'
[2025-05-17 02:19:41Z INFO HostContext] Well known directory 'Root': 'C:\Users\patri\site\mariliakarateka\actions-runner'
[2025-05-17 02:19:41Z INFO HostContext] Well known config file 'MigratedCredentials': 'C:\Users\patri\site\mariliakarateka\actions-runner\.credentials_migrated'
[2025-05-17 02:19:41Z INFO ConfigurationStore] MigratedCredFilePath: C:\Users\patri\site\mariliakarateka\actions-runner\.credentials_migrated
[2025-05-17 02:19:41Z INFO HostContext] Well known directory 'Bin': 'C:\Users\patri\site\mariliakarateka\actions-runner\bin'
[2025-05-17 02:19:41Z INFO HostContext] Well known directory 'Root': 'C:\Users\patri\site\mariliakarateka\actions-runner'
[2025-05-17 02:19:41Z INFO HostContext] Well known config file 'Service': 'C:\Users\patri\site\mariliakarateka\actions-runner\.service'
[2025-05-17 02:19:41Z INFO ConfigurationStore] ServiceConfigFilePath: C:\Users\patri\site\mariliakarateka\actions-runner\.service
[2025-05-17 02:19:41Z INFO CommandSettings] Flag 'help': 'False'
[2025-05-17 02:19:41Z INFO CommandSettings] Flag 'version': 'False'
[2025-05-17 02:19:41Z INFO CommandSettings] Flag 'commit': 'False'
[2025-05-17 02:19:41Z INFO CommandSettings] Flag 'check': 'False'
[2025-05-17 02:19:41Z INFO CommandSettings] Command 'configure': 'False'
[2025-05-17 02:19:41Z INFO CommandSettings] Command 'remove': 'False'
[2025-05-17 02:19:41Z INFO CommandSettings] Command 'warmup': 'False'
[2025-05-17 02:19:41Z INFO ConfigurationManager] LoadSettings
[2025-05-17 02:19:41Z INFO ConfigurationStore] IsConfigured()
[2025-05-17 02:19:41Z INFO ConfigurationStore] IsConfigured: True
[2025-05-17 02:19:41Z INFO ConfigurationManager] Is configured: True
[2025-05-17 02:19:41Z INFO ConfigurationStore] Read setting file: 307 chars
[2025-05-17 02:19:41Z INFO ConfigurationManager] Settings Loaded
[2025-05-17 02:19:41Z INFO ConfigurationStore] IsServiceConfigured()
[2025-05-17 02:19:41Z INFO ConfigurationStore] IsServiceConfigured: False
[2025-05-17 02:19:41Z INFO CommandSettings] Command 'run': 'True'
[2025-05-17 02:19:41Z INFO ConfigurationStore] IsConfigured()
[2025-05-17 02:19:41Z INFO ConfigurationStore] IsConfigured: True
[2025-05-17 02:19:41Z INFO ConfigurationManager] Is configured: True
[2025-05-17 02:19:41Z INFO Runner] Could not parse the argument value '' for StartupType. Defaulting to Manual
[2025-05-17 02:19:41Z INFO Runner] Set runner startup type - Manual
[2025-05-17 02:19:41Z INFO CommandSettings] Flag 'once': 'False'
[2025-05-17 02:19:41Z INFO CommandSettings] Flag 'once': 'False'
[2025-05-17 02:19:41Z INFO Runner] RunAsync
[2025-05-17 02:19:41Z INFO ConfigurationManager] LoadSettings
[2025-05-17 02:19:41Z INFO ConfigurationStore] IsConfigured()
[2025-05-17 02:19:41Z INFO ConfigurationStore] IsConfigured: True
[2025-05-17 02:19:41Z INFO ConfigurationManager] Is configured: True
[2025-05-17 02:19:41Z INFO ConfigurationManager] Settings Loaded
[2025-05-17 02:19:41Z INFO MessageListener] {
  "AgentId": 21,
  "AgentName": "PATTY",
  "PoolId": 1,
  "PoolName": "Default",
  "ServerUrl": "https://pipelinesghubeus14.actions.githubusercontent.com/1XtxQYvXudGo4lX5jS0O4BxYAlBMC5LF49yAGAHuXQV58ghiz1/",
  "GitHubUrl": "https://github.com/PattySousa/mariliakarateka",
  "WorkFolder": "_work"
}
[2025-05-17 02:19:41Z INFO MessageListener] Loading Credentials
[2025-05-17 02:19:41Z INFO ConfigurationStore] HasCredentials()
[2025-05-17 02:19:41Z INFO ConfigurationStore] stored True
[2025-05-17 02:19:41Z INFO CredentialManager] GetCredentialProvider
[2025-05-17 02:19:41Z INFO CredentialManager] Creating type OAuth
[2025-05-17 02:19:41Z INFO CredentialManager] Creating credential type: OAuth
[2025-05-17 02:19:41Z INFO HostContext] Well known directory 'Bin': 'C:\Users\patri\site\mariliakarateka\actions-runner\bin'
[2025-05-17 02:19:41Z INFO HostContext] Well known directory 'Root': 'C:\Users\patri\site\mariliakarateka\actions-runner'
[2025-05-17 02:19:41Z INFO HostContext] Well known config file 'RSACredentials': 'C:\Users\patri\site\mariliakarateka\actions-runner\.credentials_rsaparams'
[2025-05-17 02:19:41Z INFO RSAEncryptedFileKeyManager] Loading RSA key parameters from file C:\Users\patri\site\mariliakarateka\actions-runner\.credentials_rsaparams
[2025-05-17 02:19:41Z INFO MessageListener] Attempt to create session.
[2025-05-17 02:19:41Z INFO MessageListener] Connecting to the Runner Server...
[2025-05-17 02:19:41Z INFO RunnerServer] EstablishVssConnection
[2025-05-17 02:19:41Z INFO RunnerServer] Establish connection with 100 seconds timeout.
[2025-05-17 02:19:42Z INFO GitHubActionsService] Starting operation Location.GetConnectionData
[2025-05-17 02:19:42Z INFO RunnerServer] EstablishVssConnection
[2025-05-17 02:19:42Z INFO RunnerServer] Establish connection with 60 seconds timeout.
[2025-05-17 02:19:42Z INFO GitHubActionsService] Starting operation Location.GetConnectionData
[2025-05-17 02:19:42Z INFO RunnerServer] EstablishVssConnection
[2025-05-17 02:19:42Z INFO RunnerServer] Establish connection with 60 seconds timeout.
[2025-05-17 02:19:42Z INFO GitHubActionsService] Starting operation Location.GetConnectionData
[2025-05-17 02:19:43Z INFO GitHubActionsService] Finished operation Location.GetConnectionData
[2025-05-17 02:19:43Z INFO GitHubActionsService] Finished operation Location.GetConnectionData
[2025-05-17 02:19:43Z INFO GitHubActionsService] Finished operation Location.GetConnectionData
[2025-05-17 02:19:43Z INFO MessageListener] VssConnection created
[2025-05-17 02:19:43Z INFO Terminal] WRITE LINE: 
[2025-05-17 02:19:43Z INFO Terminal] WRITE LINE: 
[2025-05-17 02:19:43Z INFO RSAEncryptedFileKeyManager] Loading RSA key parameters from file C:\Users\patri\site\mariliakarateka\actions-runner\.credentials_rsaparams
[2025-05-17 02:19:43Z INFO RSAEncryptedFileKeyManager] Loading RSA key parameters from file C:\Users\patri\site\mariliakarateka\actions-runner\.credentials_rsaparams
[2025-05-17 02:19:44Z INFO GitHubActionsService] AAD Correlation ID for this token request: Unknown
[2025-05-17 02:19:45Z INFO MessageListener] Session created.
[2025-05-17 02:19:45Z INFO Terminal] WRITE LINE: Current runner version: '2.317.0'
[2025-05-17 02:19:45Z INFO Terminal] WRITE LINE: 2025-05-17 02:19:45Z: Listening for Jobs
[2025-05-17 02:19:45Z INFO JobDispatcher] Set runner/worker IPC timeout to 30 seconds.
[2025-05-17 02:19:45Z INFO MessageListener] BrokerMigration message received. Polling Broker for messages...
[2025-05-17 02:19:45Z INFO RSAEncryptedFileKeyManager] Loading RSA key parameters from file C:\Users\patri\site\mariliakarateka\actions-runner\.credentials_rsaparams
[2025-05-17 02:19:46Z INFO GitHubActionsService] AAD Correlation ID for this token request: Unknown
[2025-05-17 02:20:37Z INFO MessageListener] BrokerMigration message received. Polling Broker for messages...
[2025-05-17 02:21:27Z INFO MessageListener] BrokerMigration message received. Polling Broker for messages...
[2025-05-17 02:21:31Z INFO MessageListener] Message '4672256073449483195' received from session '06f22e5d-aa47-4ce1-acdc-79930cef92e4'.
[2025-05-17 02:21:31Z INFO ConfigurationStore] HasCredentials()
[2025-05-17 02:21:31Z INFO ConfigurationStore] stored True
[2025-05-17 02:21:31Z INFO CredentialManager] GetCredentialProvider
[2025-05-17 02:21:31Z INFO CredentialManager] Creating type OAuth
[2025-05-17 02:21:31Z INFO CredentialManager] Creating credential type: OAuth
[2025-05-17 02:21:31Z INFO RSAEncryptedFileKeyManager] Loading RSA key parameters from file C:\Users\patri\site\mariliakarateka\actions-runner\.credentials_rsaparams
[2025-05-17 02:21:31Z INFO RSAEncryptedFileKeyManager] Loading RSA key parameters from file C:\Users\patri\site\mariliakarateka\actions-runner\.credentials_rsaparams
[2025-05-17 02:21:31Z INFO RSAEncryptedFileKeyManager] Loading RSA key parameters from file C:\Users\patri\site\mariliakarateka\actions-runner\.credentials_rsaparams
[2025-05-17 02:21:32Z INFO GitHubActionsService] AAD Correlation ID for this token request: Unknown
[2025-05-17 02:21:33Z INFO JobDispatcher] Job request 0 for plan 4541fd59-a98e-4264-9ab4-1dd59a8744e4 job 9122b0c9-429b-5601-8021-4b517276f349 received.
[2025-05-17 02:21:33Z INFO MessageListener] Received job status event. JobState: Busy
[2025-05-17 02:21:33Z INFO MessageListener] _getMessagesTokenSource is already disposed.
[2025-05-17 02:21:33Z INFO Terminal] WRITE LINE: 2025-05-17 02:21:33Z: Running job: deploy
[2025-05-17 02:21:33Z INFO JobDispatcher] Start renew job request 0 for job 9122b0c9-429b-5601-8021-4b517276f349.
[2025-05-17 02:21:34Z INFO JobDispatcher] Successfully renew job 9122b0c9-429b-5601-8021-4b517276f349, job is valid till 17/05/2025 02:32:31
[2025-05-17 02:21:34Z INFO HostContext] Well known directory 'Bin': 'C:\Users\patri\site\mariliakarateka\actions-runner\bin'
[2025-05-17 02:21:34Z INFO ProcessInvokerWrapper] Starting process:
[2025-05-17 02:21:34Z INFO ProcessInvokerWrapper]   File name: 'C:\Users\patri\site\mariliakarateka\actions-runner\bin\Runner.Worker.exe'
[2025-05-17 02:21:34Z INFO ProcessInvokerWrapper]   Arguments: 'spawnclient 1736 2372'
[2025-05-17 02:21:34Z INFO ProcessInvokerWrapper]   Working directory: 'C:\Users\patri\site\mariliakarateka\actions-runner\bin'
[2025-05-17 02:21:34Z INFO ProcessInvokerWrapper]   Require exit code zero: 'False'
[2025-05-17 02:21:34Z INFO ProcessInvokerWrapper]   Encoding web name:  ; code page: ''
[2025-05-17 02:21:34Z INFO ProcessInvokerWrapper]   Force kill process on cancellation: 'True'
[2025-05-17 02:21:34Z INFO ProcessInvokerWrapper]   Redirected STDIN: 'False'
[2025-05-17 02:21:34Z INFO ProcessInvokerWrapper]   Persist current code page: 'False'
[2025-05-17 02:21:34Z INFO ProcessInvokerWrapper]   Keep redirected STDIN open: 'False'
[2025-05-17 02:21:34Z INFO ProcessInvokerWrapper]   High priority process: 'True'
[2025-05-17 02:21:34Z INFO ProcessInvokerWrapper] Process started with process id 7440, waiting for process exit.
[2025-05-17 02:21:34Z INFO JobDispatcher] Send job request message to worker for job 9122b0c9-429b-5601-8021-4b517276f349.
[2025-05-17 02:21:35Z INFO MessageListener] BrokerMigration message received. Polling Broker for messages...
[2025-05-17 02:21:35Z INFO ProcessChannel] Sending message of length 19908, with hash '774dd25d5f94f31ad6ca4a6a7adc0f94be8c0bbb5e4afb9c5a78d009f1030085'
[2025-05-17 02:21:36Z INFO JobNotification] Entering JobStarted Notification
[2025-05-17 02:21:36Z INFO JobNotification] Entering StartMonitor
[2025-05-17 02:22:09Z INFO ProcessInvokerWrapper] STDOUT/STDERR stream read finished.
[2025-05-17 02:22:09Z INFO ProcessInvokerWrapper] STDOUT/STDERR stream read finished.
[2025-05-17 02:22:09Z INFO ProcessInvokerWrapper] Finished process 7440 with exit code 102, and elapsed time 00:00:34.5479909.
[2025-05-17 02:22:09Z INFO JobDispatcher] Worker finished for job 9122b0c9-429b-5601-8021-4b517276f349. Code: 102
[2025-05-17 02:22:09Z INFO JobDispatcher] finish job request for job 9122b0c9-429b-5601-8021-4b517276f349 with result: Failed
[2025-05-17 02:22:09Z INFO Terminal] WRITE LINE: 2025-05-17 02:22:09Z: Job deploy completed with result: Failed
[2025-05-17 02:22:09Z INFO JobDispatcher] Stop renew job request for job 9122b0c9-429b-5601-8021-4b517276f349.
[2025-05-17 02:22:09Z INFO JobDispatcher] job renew has been cancelled, stop renew job 9122b0c9-429b-5601-8021-4b517276f349.
[2025-05-17 02:22:09Z INFO JobNotification] Entering JobCompleted Notification
[2025-05-17 02:22:09Z INFO JobNotification] Entering EndMonitor
[2025-05-17 02:22:09Z INFO MessageListener] Received job status event. JobState: Online
[2025-05-17 02:22:25Z INFO MessageListener] BrokerMigration message received. Polling Broker for messages...
[2025-05-17 02:23:16Z INFO MessageListener] BrokerMigration message received. Polling Broker for messages...
[2025-05-17 02:24:06Z INFO MessageListener] BrokerMigration message received. Polling Broker for messages...
[2025-05-17 02:24:09Z INFO HostContext] Runner will be shutdown for UserCancelled
[2025-05-17 02:24:09Z WARN GitHubActionsService] GET request to https://broker.actions.githubusercontent.com/message?sessionId=06f22e5d-aa47-4ce1-acdc-79930cef92e4&status=Online&runnerVersion=2.317.0&os=Windows&architecture=X64&disableUpdate=false has been cancelled.
[2025-05-17 02:24:09Z ERR  BrokerServer] Catch exception during request
[2025-05-17 02:24:10Z ERR  BrokerServer] System.Threading.Tasks.TaskCanceledException: The operation was canceled.
 ---> System.IO.IOException: Unable to read data from the transport connection: A operação de E/S foi anulada devido a uma saída de thread ou a uma requisição de aplicativo..
 ---> System.Net.Sockets.SocketException (995): A operação de E/S foi anulada devido a uma saída de thread ou a uma requisição de aplicativo.
   --- End of inner exception stack trace ---
   at System.Net.Sockets.Socket.AwaitableSocketAsyncEventArgs.ThrowException(SocketError error, CancellationToken cancellationToken)
   at System.Net.Sockets.Socket.AwaitableSocketAsyncEventArgs.System.Threading.Tasks.Sources.IValueTaskSource<System.Int32>.GetResult(Int16 token)
   at System.Net.Security.SslStream.EnsureFullTlsFrameAsync[TIOAdapter](TIOAdapter adapter)
   at System.Net.Security.SslStream.ReadAsyncInternal[TIOAdapter](TIOAdapter adapter, Memory`1 buffer)
   at System.Net.Http.HttpConnection.SendAsyncCore(HttpRequestMessage request, Boolean async, CancellationToken cancellationToken)
   --- End of inner exception stack trace ---
   at System.Net.Http.HttpClient.HandleFailure(Exception e, Boolean telemetryStarted, HttpResponseMessage response, CancellationTokenSource cts, CancellationToken cancellationToken, CancellationTokenSource pendingRequestsCts)
   at System.Net.Http.HttpClient.<SendAsync>g__Core|83_0(HttpRequestMessage request, HttpCompletionOption completionOption, CancellationTokenSource cts, Boolean disposeCts, CancellationTokenSource pendingRequestsCts, CancellationToken originalCancellationToken)
   at Sdk.WebApi.WebApi.RawHttpClientBase.SendAsync(HttpRequestMessage message, HttpCompletionOption completionOption, Object userState, CancellationToken cancellationToken)
   at Sdk.WebApi.WebApi.RawHttpClientBase.SendAsync[T](HttpRequestMessage message, Object userState, CancellationToken cancellationToken)
   at Sdk.WebApi.WebApi.RawHttpClientBase.SendAsync[T](HttpMethod method, IEnumerable`1 additionalHeaders, Uri requestUri, HttpContent content, IEnumerable`1 queryParameters, Object userState, CancellationToken cancellationToken)
   at GitHub.Actions.RunService.WebApi.BrokerHttpClient.GetRunnerMessageAsync(Nullable`1 sessionId, String runnerVersion, Nullable`1 status, String os, String architecture, Nullable`1 disableUpdate, CancellationToken cancellationToken)
   at GitHub.Runner.Common.BrokerServer.<>c__DisplayClass7_0.<<GetRunnerMessageAsync>b__0>d.MoveNext()
--- End of stack trace from previous location ---
   at GitHub.Runner.Common.RunnerService.RetryRequest[T](Func`1 func, CancellationToken cancellationToken, Int32 maxRetryAttemptsCount, Func`2 shouldRetry)
[2025-05-17 02:24:10Z ERR  BrokerServer] #####################################################
[2025-05-17 02:24:10Z ERR  BrokerServer] System.IO.IOException: Unable to read data from the transport connection: A operação de E/S foi anulada devido a uma saída de thread ou a uma requisição de aplicativo..
 ---> System.Net.Sockets.SocketException (995): A operação de E/S foi anulada devido a uma saída de thread ou a uma requisição de aplicativo.
   --- End of inner exception stack trace ---
   at System.Net.Sockets.Socket.AwaitableSocketAsyncEventArgs.ThrowException(SocketError error, CancellationToken cancellationToken)
   at System.Net.Sockets.Socket.AwaitableSocketAsyncEventArgs.System.Threading.Tasks.Sources.IValueTaskSource<System.Int32>.GetResult(Int16 token)
   at System.Net.Security.SslStream.EnsureFullTlsFrameAsync[TIOAdapter](TIOAdapter adapter)
   at System.Net.Security.SslStream.ReadAsyncInternal[TIOAdapter](TIOAdapter adapter, Memory`1 buffer)
   at System.Net.Http.HttpConnection.SendAsyncCore(HttpRequestMessage request, Boolean async, CancellationToken cancellationToken)
[2025-05-17 02:24:10Z ERR  BrokerServer] #####################################################
[2025-05-17 02:24:10Z ERR  BrokerServer] System.Net.Sockets.SocketException (995): A operação de E/S foi anulada devido a uma saída de thread ou a uma requisição de aplicativo.
[2025-05-17 02:24:10Z WARN BrokerServer] Back off 5,089 seconds before next retry. 4 attempt left.
[2025-05-17 02:24:10Z INFO MessageListener] Get next message has been cancelled.
[2025-05-17 02:24:10Z INFO JobDispatcher] Shutting down JobDispatcher. Make sure all WorkerDispatcher has finished.
[2025-05-17 02:24:10Z INFO JobDispatcher] Ensure WorkerDispatcher for job 9122b0c9-429b-5601-8021-4b517276f349 run to finish, cancel any running job.
[2025-05-17 02:24:10Z INFO JobDispatcher] Job request 9122b0c9-429b-5601-8021-4b517276f349 processed succeed.
[2025-05-17 02:24:10Z INFO Runner] Deleting Runner Session...
[2025-05-17 02:24:10Z INFO Listener] Runner execution been cancelled.
