[2025-05-17 13:33:36Z INFO HostContext] No proxy settings were found based on environmental variables (http_proxy/https_proxy/HTTP_PROXY/HTTPS_PROXY)
[2025-05-17 13:33:36Z INFO HostContext] Well known directory 'Bin': 'C:\Users\patri\site\mariliakarateka\actions-runner\bin'
[2025-05-17 13:33:36Z INFO HostContext] Well known directory 'Root': 'C:\Users\patri\site\mariliakarateka\actions-runner'
[2025-05-17 13:33:36Z INFO HostContext] Well known config file 'Credentials': 'C:\Users\patri\site\mariliakarateka\actions-runner\.credentials'
[2025-05-17 13:33:36Z INFO HostContext] Well known directory 'Bin': 'C:\Users\patri\site\mariliakarateka\actions-runner\bin'
[2025-05-17 13:33:36Z INFO HostContext] Well known directory 'Root': 'C:\Users\patri\site\mariliakarateka\actions-runner'
[2025-05-17 13:33:36Z INFO HostContext] Well known config file 'Runner': 'C:\Users\patri\site\mariliakarateka\actions-runner\.runner'
[2025-05-17 13:33:36Z INFO Worker] Version: 2.317.0
[2025-05-17 13:33:36Z INFO Worker] Commit: 6dc005ee3690a0303e0d7269b6f60295d22dcfad
[2025-05-17 13:33:36Z INFO Worker] Culture: pt-BR
[2025-05-17 13:33:36Z INFO Worker] UI Culture: pt-BR
[2025-05-17 13:33:36Z INFO Worker] Waiting to receive the job message from the channel.
[2025-05-17 13:33:36Z INFO ProcessChannel] Receiving message of length 20649, with hash '248c6f95bbc3cd05c418fab300915f3294482005c8191be19f7604f973991358'
[2025-05-17 13:33:36Z INFO Worker] Message received.
[2025-05-17 13:33:37Z INFO Worker] Job message:
 {
  "fileTable": [
    ".github/workflows/ci-cd.yaml"
  ],
  "mask": [
    {
      "type": "regex",
      "value": "***"
    },
    {
      "type": "regex",
      "value": "***"
    },
    {
      "type": "regex",
      "value": "***"
    },
    {
      "type": "regex",
      "value": "***"
    },
    {
      "type": "regex",
      "value": "***"
    },
    {
      "type": "regex",
      "value": "***"
    },
    {
      "type": "regex",
      "value": "***"
    },
    {
      "type": "regex",
      "value": "***"
    },
    {
      "type": "regex",
      "value": "***"
    },
    {
      "type": "regex",
      "value": "***"
    },
    {
      "type": "regex",
      "value": "***"
    },
    {
      "type": "regex",
      "value": "***"
    },
    {
      "type": "regex",
      "value": "***"
    },
    {
      "type": "regex",
      "value": "***"
    },
    {
      "type": "regex",
      "value": "***"
    },
    {
      "type": "regex",
      "value": "***"
    },
    {
      "type": "regex",
      "value": "***"
    },
    {
      "type": "regex",
      "value": "***"
    }
  ],
  "steps": [
    {
      "type": "action",
      "reference": {
        "type": "repository",
        "name": "actions/checkout",
        "ref": "v3",
        "repositoryType": "GitHub"
      },
      "contextName": "__actions_checkout",
      "condition": "success()",
      "id": "2081c0bb-0f4f-484b-b54e-a863e07505f1",
      "name": "__actions_checkout"
    },
    {
      "type": "action",
      "reference": {
        "type": "script"
      },
      "displayNameToken": {
        "type": 0,
        "file": 1,
        "line": 14,
        "col": 15,
        "lit": "Verificar kubectl"
      },
      "contextName": "__run",
      "inputs": {
        "type": 2,
        "map": [
          {
            "key": "script",
            "value": {
              "type": 0,
              "file": 1,
              "line": 15,
              "col": 14,
              "lit": "kubectl version --client"
            }
          }
        ]
      },
      "condition": "success()",
      "id": "1018ee82-e1ef-4af3-b35e-ff0d94bfc1d2",
      "name": "__run"
    },
    {
      "type": "action",
      "reference": {
        "type": "script"
      },
      "displayNameToken": {
        "type": 0,
        "file": 1,
        "line": 17,
        "col": 15,
        "lit": "Verificar contexto Kubernetes"
      },
      "contextName": "__run_2",
      "inputs": {
        "type": 2,
        "map": [
          {
            "key": "script",
            "value": {
              "type": 0,
              "file": 1,
              "line": 18,
              "col": 14,
              "lit": "kubectl config current-context"
            }
          }
        ]
      },
      "condition": "success()",
      "id": "75de8989-7fd7-4486-93ae-814a6f75ff67",
      "name": "__run_2"
    },
    {
      "type": "action",
      "reference": {
        "type": "script"
      },
      "displayNameToken": {
        "type": 0,
        "file": 1,
        "line": 20,
        "col": 15,
        "lit": "Ver pods no cluster"
      },
      "contextName": "__run_3",
      "inputs": {
        "type": 2,
        "map": [
          {
            "key": "script",
            "value": {
              "type": 0,
              "file": 1,
              "line": 21,
              "col": 14,
              "lit": "kubectl get pods --all-namespaces"
            }
          }
        ]
      },
      "condition": "success()",
      "id": "3a44ea2c-39e2-40ae-ac2b-383a4f0e787c",
      "name": "__run_3"
    },
    {
      "type": "action",
      "reference": {
        "type": "script"
      },
      "displayNameToken": {
        "type": 0,
        "file": 1,
        "line": 23,
        "col": 15,
        "lit": "Deploy com Helm"
      },
      "contextName": "__run_4",
      "inputs": {
        "type": 2,
        "map": [
          {
            "key": "script",
            "value": {
              "type": 0,
              "file": 1,
              "line": 24,
              "col": 14,
              "lit": "helm upgrade --install mariliakarateka ./charts `\n  --set image.repository=patriciasousa/mariliakarateka `\n  --set image.tag=latest\n"
            }
          }
        ]
      },
      "condition": "success()",
      "id": "fed4d1c6-0b51-4c8c-ac55-15e86dbe10c8",
      "name": "__run_4"
    }
  ],
  "variables": {
    "Actions.EnableHttpRedirects": {
      "value": "true"
    },
    "DistributedTask.AddWarningToNode12Action": {
      "value": "true"
    },
    "DistributedTask.AddWarningToNode16Action": {
      "value": "true"
    },
    "DistributedTask.AllowRunnerContainerHooks": {
      "value": "true"
    },
    "DistributedTask.DeprecateStepOutputCommands": {
      "value": "true"
    },
    "DistributedTask.DetailUntarFailure": {
      "value": "true"
    },
    "DistributedTask.EnableCompositeActions": {
      "value": "true"
    },
    "DistributedTask.EnableJobServerQueueTelemetry": {
      "value": "true"
    },
    "DistributedTask.EnhancedAnnotations": {
      "value": "true"
    },
    "DistributedTask.ForceGithubJavascriptActionsToNode16": {
      "value": "true"
    },
    "DistributedTask.ForceGithubJavascriptActionsToNode20": {
      "value": "true"
    },
    "DistributedTask.LogTemplateErrorsAsDebugMessages": {
      "value": "true"
    },
    "DistributedTask.MarkJobAsFailedOnWorkerCrash": {
      "value": "true"
    },
    "DistributedTask.NewActionMetadata": {
      "value": "true"
    },
    "DistributedTask.UploadStepSummary": {
      "value": "true"
    },
    "DistributedTask.UseActionArchiveCache": {
      "value": "true"
    },
    "DistributedTask.UseWhich2": {
      "value": "true"
    },
    "RunService.FixEmbeddedIssues": {
      "value": "true"
    },
    "actions_add_check_run_id_to_job_context": {
      "value": "false"
    },
    "actions_skip_retry_complete_job_upon_known_errors": {
      "value": "true"
    },
    "actions_uses_cache_service_v2": {
      "value": "true"
    },
    "github_token": {
      "value": "***",
      "isSecret": true
    },
    "system.from_run_service": {
      "value": "true"
    },
    "system.github.job": {
      "value": "deploy"
    },
    "system.github.launch_endpoint": {
      "value": "https://launch.actions.githubusercontent.com"
    },
    "system.github.results_endpoint": {
      "value": "https://results-receiver.actions.githubusercontent.com/"
    },
    "system.github.results_upload_with_sdk": {
      "value": "true"
    },
    "system.github.token": {
      "value": "***",
      "isSecret": true
    },
    "system.github.token.permissions": {
      "value": "{\"Contents\":\"read\",\"Metadata\":\"read\",\"Packages\":\"read\"}"
    },
    "system.orchestrationId": {
      "value": "bca3f4e5-29d1-472f-afad-6ad1bd1346c9.deploy.__default"
    },
    "system.phaseDisplayName": {
      "value": "deploy"
    },
    "system.runner.lowdiskspacethreshold": {
      "value": "100"
    },
    "system.runnerEnvironment": {
      "value": "self-hosted"
    }
  },
  "messageType": "RunnerJobRequest",
  "plan": {
    "scopeIdentifier": "00000000-0000-0000-0000-000000000000",
    "planType": "actions",
    "version": 0,
    "planId": "bca3f4e5-29d1-472f-afad-6ad1bd1346c9",
    "planGroup": null,
    "artifactUri": null,
    "artifactLocation": null,
    "definition": null,
    "owner": null
  },
  "timeline": {
    "id": "bca3f4e5-29d1-472f-afad-6ad1bd1346c9",
    "changeId": 0,
    "location": null
  },
  "jobId": "31f3849b-2605-52ca-a566-2272f684578f",
  "jobDisplayName": "deploy",
  "jobName": "__default",
  "requestId": 0,
  "lockedUntil": "0001-01-01T00:00:00",
  "resources": {
    "endpoints": [
      {
        "data": {
          "ServerId": "",
          "ServerName": "",
          "CacheServerUrl": "https://acghubeus2.actions.githubusercontent.com/1XtxQYvXudGo4lX5jS0O4BxYAlBMC5LF49yAGAHuXQV58ghiz1/",
          "FeedStreamUrl": "wss://results-receiver.actions.githubusercontent.com/_ws/ingest.sock",
          "ResultsServiceUrl": "https://results-receiver.actions.githubusercontent.com/",
          "PipelinesServiceUrl": "https://pipelinesghubeus14.actions.githubusercontent.com/1XtxQYvXudGo4lX5jS0O4BxYAlBMC5LF49yAGAHuXQV58ghiz1/",
          "GenerateIdTokenUrl": ""
        },
        "name": "SystemVssConnection",
        "url": "https://run-actions-1-azure-eastus.actions.githubusercontent.com/9/",
        "authorization": {
          "parameters": {
            "AccessToken": "***"
          },
          "scheme": "OAuth"
        },
        "isShared": false,
        "isReady": true
      }
    ]
  },
  "contextData": {
    "github": {
      "t": 2,
      "d": [
        {
          "k": "ref",
          "v": "refs/heads/main"
        },
        {
          "k": "sha",
          "v": "07532c3959d5c88e13683da97dc8c84e850cb02e"
        },
        {
          "k": "repository",
          "v": "PattySousa/mariliakarateka"
        },
        {
          "k": "repository_owner",
          "v": "PattySousa"
        },
        {
          "k": "repository_owner_id",
          "v": "121522965"
        },
        {
          "k": "repositoryUrl",
          "v": "git://github.com/PattySousa/mariliakarateka.git"
        },
        {
          "k": "run_id",
          "v": "15085725252"
        },
        {
          "k": "run_number",
          "v": "9"
        },
        {
          "k": "retention_days",
          "v": "90"
        },
        {
          "k": "run_attempt",
          "v": "1"
        },
        {
          "k": "artifact_cache_size_limit",
          "v": "10"
        },
        {
          "k": "repository_visibility",
          "v": "public"
        },
        {
          "k": "actor_id",
          "v": "121522965"
        },
        {
          "k": "actor",
          "v": "PattySousa"
        },
        {
          "k": "workflow",
          "v": "CI/CD Pipeline"
        },
        {
          "k": "head_ref",
          "v": ""
        },
        {
          "k": "base_ref",
          "v": ""
        },
        {
          "k": "event_name",
          "v": "push"
        },
        {
          "k": "server_url",
          "v": "https://github.com"
        },
        {
          "k": "api_url",
          "v": "https://api.github.com"
        },
        {
          "k": "graphql_url",
          "v": "https://api.github.com/graphql"
        },
        {
          "k": "ref_name",
          "v": "main"
        },
        {
          "k": "ref_protected",
          "v": false
        },
        {
          "k": "ref_type",
          "v": "branch"
        },
        {
          "k": "secret_source",
          "v": "Actions"
        },
        {
          "k": "event",
          "v": {
            "t": 2,
            "d": [
              {
                "k": "after",
                "v": "07532c3959d5c88e13683da97dc8c84e850cb02e"
              },
              {
                "k": "base_ref",
                "v": null
              },
              {
                "k": "before",
                "v": "0709628914dd047a069d7f44becab0a860a17051"
              },
              {
                "k": "commits",
                "v": {
                  "t": 1,
                  "a": [
                    {
                      "t": 2,
                      "d": [
                        {
                          "k": "author",
                          "v": {
                            "t": 2,
                            "d": [
                              {
                                "k": "email",
                                "v": "patriciaribeiro554@gmail.com"
                              },
                              {
                                "k": "name",
                                "v": "PATRICIA DE SOUSA RIBEIRO"
                              },
                              {
                                "k": "username",
                                "v": "PattySousa"
                              }
                            ]
                          }
                        },
                        {
                          "k": "committer",
                          "v": {
                            "t": 2,
                            "d": [
                              {
                                "k": "email",
                                "v": "patriciaribeiro554@gmail.com"
                              },
                              {
                                "k": "name",
                                "v": "PATRICIA DE SOUSA RIBEIRO"
                              },
                              {
                                "k": "username",
                                "v": "PattySousa"
                              }
                            ]
                          }
                        },
                        {
                          "k": "distinct",
                          "v": true
                        },
                        {
                          "k": "id",
                          "v": "c5bee2d2961d6a9d6e972e0fbfe74fc716f9963b"
                        },
                        {
                          "k": "message",
                          "v": "git commit -m \"add actions-runner/_diag/work, modificando _work\""
                        },
                        {
                          "k": "timestamp",
                          "v": "2025-05-17T10:30:21-03:00"
                        },
                        {
                          "k": "tree_id",
                          "v": "7a6bd1003ccf251214fed543f62bb67c7b856d71"
                        },
                        {
                          "k": "url",
                          "v": "https://github.com/PattySousa/mariliakarateka/commit/c5bee2d2961d6a9d6e972e0fbfe74fc716f9963b"
                        }
                      ]
                    },
                    {
                      "t": 2,
                      "d": [
                        {
                          "k": "author",
                          "v": {
                            "t": 2,
                            "d": [
                              {
                                "k": "email",
                                "v": "patriciaribeiro554@gmail.com"
                              },
                              {
                                "k": "name",
                                "v": "PATRICIA DE SOUSA RIBEIRO"
                              },
                              {
                                "k": "username",
                                "v": "PattySousa"
                              }
                            ]
                          }
                        },
                        {
                          "k": "committer",
                          "v": {
                            "t": 2,
                            "d": [
                              {
                                "k": "email",
                                "v": "patriciaribeiro554@gmail.com"
                              },
                              {
                                "k": "name",
                                "v": "PATRICIA DE SOUSA RIBEIRO"
                              },
                              {
                                "k": "username",
                                "v": "PattySousa"
                              }
                            ]
                          }
                        },
                        {
                          "k": "distinct",
                          "v": true
                        },
                        {
                          "k": "id",
                          "v": "07532c3959d5c88e13683da97dc8c84e850cb02e"
                        },
                        {
                          "k": "message",
                          "v": "git commit -m \"adicionando templates/ingress.yaml\""
                        },
                        {
                          "k": "timestamp",
                          "v": "2025-05-17T10:32:15-03:00"
                        },
                        {
                          "k": "tree_id",
                          "v": "df157ef9590949edf3c56083bf8cb494d9dbf272"
                        },
                        {
                          "k": "url",
                          "v": "https://github.com/PattySousa/mariliakarateka/commit/07532c3959d5c88e13683da97dc8c84e850cb02e"
                        }
                      ]
                    }
                  ]
                }
              },
              {
                "k": "compare",
                "v": "https://github.com/PattySousa/mariliakarateka/compare/0709628914dd...07532c3959d5"
              },
              {
                "k": "created",
                "v": false
              },
              {
                "k": "deleted",
                "v": false
              },
              {
                "k": "forced",
                "v": false
              },
              {
                "k": "head_commit",
                "v": {
                  "t": 2,
                  "d": [
                    {
                      "k": "author",
                      "v": {
                        "t": 2,
                        "d": [
                          {
                            "k": "email",
                            "v": "patriciaribeiro554@gmail.com"
                          },
                          {
                            "k": "name",
                            "v": "PATRICIA DE SOUSA RIBEIRO"
                          },
                          {
                            "k": "username",
                            "v": "PattySousa"
                          }
                        ]
                      }
                    },
                    {
                      "k": "committer",
                      "v": {
                        "t": 2,
                        "d": [
                          {
                            "k": "email",
                            "v": "patriciaribeiro554@gmail.com"
                          },
                          {
                            "k": "name",
                            "v": "PATRICIA DE SOUSA RIBEIRO"
                          },
                          {
                            "k": "username",
                            "v": "PattySousa"
                          }
                        ]
                      }
                    },
                    {
                      "k": "distinct",
                      "v": true
                    },
                    {
                      "k": "id",
                      "v": "07532c3959d5c88e13683da97dc8c84e850cb02e"
                    },
                    {
                      "k": "message",
                      "v": "git commit -m \"adicionando templates/ingress.yaml\""
                    },
                    {
                      "k": "timestamp",
                      "v": "2025-05-17T10:32:15-03:00"
                    },
                    {
                      "k": "tree_id",
                      "v": "df157ef9590949edf3c56083bf8cb494d9dbf272"
                    },
                    {
                      "k": "url",
                      "v": "https://github.com/PattySousa/mariliakarateka/commit/07532c3959d5c88e13683da97dc8c84e850cb02e"
                    }
                  ]
                }
              },
              {
                "k": "pusher",
                "v": {
                  "t": 2,
                  "d": [
                    {
                      "k": "email",
                      "v": "patriciaribeiro554@gmail.com"
                    },
                    {
                      "k": "name",
                      "v": "PattySousa"
                    }
                  ]
                }
              },
              {
                "k": "ref",
                "v": "refs/heads/main"
              },
              {
                "k": "repository",
                "v": {
                  "t": 2,
                  "d": [
                    {
                      "k": "allow_forking",
                      "v": true
                    },
                    {
                      "k": "archive_url",
                      "v": "https://api.github.com/repos/PattySousa/mariliakarateka/{archive_format}{/ref}"
                    },
                    {
                      "k": "archived",
                      "v": false
                    },
                    {
                      "k": "assignees_url",
                      "v": "https://api.github.com/repos/PattySousa/mariliakarateka/assignees{/user}"
                    },
                    {
                      "k": "blobs_url",
                      "v": "https://api.github.com/repos/PattySousa/mariliakarateka/git/blobs{/sha}"
                    },
                    {
                      "k": "branches_url",
                      "v": "https://api.github.com/repos/PattySousa/mariliakarateka/branches{/branch}"
                    },
                    {
                      "k": "clone_url",
                      "v": "https://github.com/PattySousa/mariliakarateka.git"
                    },
                    {
                      "k": "collaborators_url",
                      "v": "https://api.github.com/repos/PattySousa/mariliakarateka/collaborators{/collaborator}"
                    },
                    {
                      "k": "comments_url",
                      "v": "https://api.github.com/repos/PattySousa/mariliakarateka/comments{/number}"
                    },
                    {
                      "k": "commits_url",
                      "v": "https://api.github.com/repos/PattySousa/mariliakarateka/commits{/sha}"
                    },
                    {
                      "k": "compare_url",
                      "v": "https://api.github.com/repos/PattySousa/mariliakarateka/compare/{base}...{head}"
                    },
                    {
                      "k": "contents_url",
                      "v": "https://api.github.com/repos/PattySousa/mariliakarateka/contents/{+path}"
                    },
                    {
                      "k": "contributors_url",
                      "v": "https://api.github.com/repos/PattySousa/mariliakarateka/contributors"
                    },
                    {
                      "k": "created_at",
                      "v": 1728042437.0
                    },
                    {
                      "k": "default_branch",
                      "v": "main"
                    },
                    {
                      "k": "deployments_url",
                      "v": "https://api.github.com/repos/PattySousa/mariliakarateka/deployments"
                    },
                    {
                      "k": "description",
                      "v": "Site Marilia Karateka "
                    },
                    {
                      "k": "disabled",
                      "v": false
                    },
                    {
                      "k": "downloads_url",
                      "v": "https://api.github.com/repos/PattySousa/mariliakarateka/downloads"
                    },
                    {
                      "k": "events_url",
                      "v": "https://api.github.com/repos/PattySousa/mariliakarateka/events"
                    },
                    {
                      "k": "fork",
                      "v": false
                    },
                    {
                      "k": "forks",
                      "v": 0.0
                    },
                    {
                      "k": "forks_count",
                      "v": 0.0
                    },
                    {
                      "k": "forks_url",
                      "v": "https://api.github.com/repos/PattySousa/mariliakarateka/forks"
                    },
                    {
                      "k": "full_name",
                      "v": "PattySousa/mariliakarateka"
                    },
                    {
                      "k": "git_commits_url",
                      "v": "https://api.github.com/repos/PattySousa/mariliakarateka/git/commits{/sha}"
                    },
                    {
                      "k": "git_refs_url",
                      "v": "https://api.github.com/repos/PattySousa/mariliakarateka/git/refs{/sha}"
                    },
                    {
                      "k": "git_tags_url",
                      "v": "https://api.github.com/repos/PattySousa/mariliakarateka/git/tags{/sha}"
                    },
                    {
                      "k": "git_url",
                      "v": "git://github.com/PattySousa/mariliakarateka.git"
                    },
                    {
                      "k": "has_discussions",
                      "v": false
                    },
                    {
                      "k": "has_downloads",
                      "v": true
                    },
                    {
                      "k": "has_issues",
                      "v": true
                    },
                    {
                      "k": "has_pages",
                      "v": true
                    },
                    {
                      "k": "has_projects",
                      "v": true
                    },
                    {
                      "k": "has_wiki",
                      "v": false
                    },
                    {
                      "k": "homepage",
                      "v": null
                    },
                    {
                      "k": "hooks_url",
                      "v": "https://api.github.com/repos/PattySousa/mariliakarateka/hooks"
                    },
                    {
                      "k": "html_url",
                      "v": "https://github.com/PattySousa/mariliakarateka"
                    },
                    {
                      "k": "id",
                      "v": 867611431.0
                    },
                    {
                      "k": "is_template",
                      "v": false
                    },
                    {
                      "k": "issue_comment_url",
                      "v": "https://api.github.com/repos/PattySousa/mariliakarateka/issues/comments{/number}"
                    },
                    {
                      "k": "issue_events_url",
                      "v": "https://api.github.com/repos/PattySousa/mariliakarateka/issues/events{/number}"
                    },
                    {
                      "k": "issues_url",
                      "v": "https://api.github.com/repos/PattySousa/mariliakarateka/issues{/number}"
                    },
                    {
                      "k": "keys_url",
                      "v": "https://api.github.com/repos/PattySousa/mariliakarateka/keys{/key_id}"
                    },
                    {
                      "k": "labels_url",
                      "v": "https://api.github.com/repos/PattySousa/mariliakarateka/labels{/name}"
                    },
                    {
                      "k": "language",
                      "v": "JavaScript"
                    },
                    {
                      "k": "languages_url",
                      "v": "https://api.github.com/repos/PattySousa/mariliakarateka/languages"
                    },
                    {
                      "k": "license",
                      "v": null
                    },
                    {
                      "k": "master_branch",
                      "v": "main"
                    },
                    {
                      "k": "merges_url",
                      "v": "https://api.github.com/repos/PattySousa/mariliakarateka/merges"
                    },
                    {
                      "k": "milestones_url",
                      "v": "https://api.github.com/repos/PattySousa/mariliakarateka/milestones{/number}"
                    },
                    {
                      "k": "mirror_url",
                      "v": null
                    },
                    {
                      "k": "name",
                      "v": "mariliakarateka"
                    },
                    {
                      "k": "node_id",
                      "v": "R_kgDOM7azJw"
                    },
                    {
                      "k": "notifications_url",
                      "v": "https://api.github.com/repos/PattySousa/mariliakarateka/notifications{?since,all,participating}"
                    },
                    {
                      "k": "open_issues",
                      "v": 0.0
                    },
                    {
                      "k": "open_issues_count",
                      "v": 0.0
                    },
                    {
                      "k": "owner",
                      "v": {
                        "t": 2,
                        "d": [
                          {
                            "k": "avatar_url",
                            "v": "https://avatars.githubusercontent.com/u/121522965?v=4"
                          },
                          {
                            "k": "email",
                            "v": "patriciaribeiro554@gmail.com"
                          },
                          {
                            "k": "events_url",
                            "v": "https://api.github.com/users/PattySousa/events{/privacy}"
                          },
                          {
                            "k": "followers_url",
                            "v": "https://api.github.com/users/PattySousa/followers"
                          },
                          {
                            "k": "following_url",
                            "v": "https://api.github.com/users/PattySousa/following{/other_user}"
                          },
                          {
                            "k": "gists_url",
                            "v": "https://api.github.com/users/PattySousa/gists{/gist_id}"
                          },
                          {
                            "k": "gravatar_id",
                            "v": ""
                          },
                          {
                            "k": "html_url",
                            "v": "https://github.com/PattySousa"
                          },
                          {
                            "k": "id",
                            "v": 121522965.0
                          },
                          {
                            "k": "login",
                            "v": "PattySousa"
                          },
                          {
                            "k": "name",
                            "v": "PattySousa"
                          },
                          {
                            "k": "node_id",
                            "v": "U_kgDOBz5LFQ"
                          },
                          {
                            "k": "organizations_url",
                            "v": "https://api.github.com/users/PattySousa/orgs"
                          },
                          {
                            "k": "received_events_url",
                            "v": "https://api.github.com/users/PattySousa/received_events"
                          },
                          {
                            "k": "repos_url",
                            "v": "https://api.github.com/users/PattySousa/repos"
                          },
                          {
                            "k": "site_admin",
                            "v": false
                          },
                          {
                            "k": "starred_url",
                            "v": "https://api.github.com/users/PattySousa/starred{/owner}{/repo}"
                          },
                          {
                            "k": "subscriptions_url",
                            "v": "https://api.github.com/users/PattySousa/subscriptions"
                          },
                          {
                            "k": "type",
                            "v": "User"
                          },
                          {
                            "k": "url",
                            "v": "https://api.github.com/users/PattySousa"
                          },
                          {
                            "k": "user_view_type",
                            "v": "public"
                          }
                        ]
                      }
                    },
                    {
                      "k": "private",
                      "v": false
                    },
                    {
                      "k": "pulls_url",
                      "v": "https://api.github.com/repos/PattySousa/mariliakarateka/pulls{/number}"
                    },
                    {
                      "k": "pushed_at",
                      "v": 1747488867.0
                    },
                    {
                      "k": "releases_url",
                      "v": "https://api.github.com/repos/PattySousa/mariliakarateka/releases{/id}"
                    },
                    {
                      "k": "size",
                      "v": 209862.0
                    },
                    {
                      "k": "ssh_url",
                      "v": "git@github.com:PattySousa/mariliakarateka.git"
                    },
                    {
                      "k": "stargazers",
                      "v": 0.0
                    },
                    {
                      "k": "stargazers_count",
                      "v": 0.0
                    },
                    {
                      "k": "stargazers_url",
                      "v": "https://api.github.com/repos/PattySousa/mariliakarateka/stargazers"
                    },
                    {
                      "k": "statuses_url",
                      "v": "https://api.github.com/repos/PattySousa/mariliakarateka/statuses/{sha}"
                    },
                    {
                      "k": "subscribers_url",
                      "v": "https://api.github.com/repos/PattySousa/mariliakarateka/subscribers"
                    },
                    {
                      "k": "subscription_url",
                      "v": "https://api.github.com/repos/PattySousa/mariliakarateka/subscription"
                    },
                    {
                      "k": "svn_url",
                      "v": "https://github.com/PattySousa/mariliakarateka"
                    },
                    {
                      "k": "tags_url",
                      "v": "https://api.github.com/repos/PattySousa/mariliakarateka/tags"
                    },
                    {
                      "k": "teams_url",
                      "v": "https://api.github.com/repos/PattySousa/mariliakarateka/teams"
                    },
                    {
                      "k": "topics",
                      "v": {
                        "t": 1
                      }
                    },
                    {
                      "k": "trees_url",
                      "v": "https://api.github.com/repos/PattySousa/mariliakarateka/git/trees{/sha}"
                    },
                    {
                      "k": "updated_at",
                      "v": "2025-05-17T12:32:28Z"
                    },
                    {
                      "k": "url",
                      "v": "https://api.github.com/repos/PattySousa/mariliakarateka"
                    },
                    {
                      "k": "visibility",
                      "v": "public"
                    },
                    {
                      "k": "watchers",
                      "v": 0.0
                    },
                    {
                      "k": "watchers_count",
                      "v": 0.0
                    },
                    {
                      "k": "web_commit_signoff_required",
                      "v": false
                    }
                  ]
                }
              },
              {
                "k": "sender",
                "v": {
                  "t": 2,
                  "d": [
                    {
                      "k": "avatar_url",
                      "v": "https://avatars.githubusercontent.com/u/121522965?v=4"
                    },
                    {
                      "k": "events_url",
                      "v": "https://api.github.com/users/PattySousa/events{/privacy}"
                    },
                    {
                      "k": "followers_url",
                      "v": "https://api.github.com/users/PattySousa/followers"
                    },
                    {
                      "k": "following_url",
                      "v": "https://api.github.com/users/PattySousa/following{/other_user}"
                    },
                    {
                      "k": "gists_url",
                      "v": "https://api.github.com/users/PattySousa/gists{/gist_id}"
                    },
                    {
                      "k": "gravatar_id",
                      "v": ""
                    },
                    {
                      "k": "html_url",
                      "v": "https://github.com/PattySousa"
                    },
                    {
                      "k": "id",
                      "v": 121522965.0
                    },
                    {
                      "k": "login",
                      "v": "PattySousa"
                    },
                    {
                      "k": "node_id",
                      "v": "U_kgDOBz5LFQ"
                    },
                    {
                      "k": "organizations_url",
                      "v": "https://api.github.com/users/PattySousa/orgs"
                    },
                    {
                      "k": "received_events_url",
                      "v": "https://api.github.com/users/PattySousa/received_events"
                    },
                    {
                      "k": "repos_url",
                      "v": "https://api.github.com/users/PattySousa/repos"
                    },
                    {
                      "k": "site_admin",
                      "v": false
                    },
                    {
                      "k": "starred_url",
                      "v": "https://api.github.com/users/PattySousa/starred{/owner}{/repo}"
                    },
                    {
                      "k": "subscriptions_url",
                      "v": "https://api.github.com/users/PattySousa/subscriptions"
                    },
                    {
                      "k": "type",
                      "v": "User"
                    },
                    {
                      "k": "url",
                      "v": "https://api.github.com/users/PattySousa"
                    },
                    {
                      "k": "user_view_type",
                      "v": "public"
                    }
                  ]
                }
              }
            ]
          }
        },
        {
          "k": "workflow_ref",
          "v": "PattySousa/mariliakarateka/.github/workflows/ci-cd.yaml@refs/heads/main"
        },
        {
          "k": "workflow_sha",
          "v": "07532c3959d5c88e13683da97dc8c84e850cb02e"
        },
        {
          "k": "repository_id",
          "v": "867611431"
        },
        {
          "k": "triggering_actor",
          "v": "PattySousa"
        }
      ]
    },
    "inputs": {
      "t": 2
    },
    "matrix": null,
    "needs": {
      "t": 2
    },
    "strategy": {
      "t": 2,
      "d": [
        {
          "k": "fail-fast",
          "v": true
        },
        {
          "k": "job-index",
          "v": 0.0
        },
        {
          "k": "job-total",
          "v": 1.0
        },
        {
          "k": "max-parallel",
          "v": 1.0
        }
      ]
    },
    "vars": {
      "t": 2
    }
  }
}
[2025-05-17 13:33:37Z INFO JobRunner] Job ID 31f3849b-2605-52ca-a566-2272f684578f
[2025-05-17 13:33:37Z INFO ConfigurationStore] currentAssemblyLocation: C:\Users\patri\site\mariliakarateka\actions-runner\bin\Runner.Worker.dll
[2025-05-17 13:33:37Z INFO HostContext] Well known directory 'Bin': 'C:\Users\patri\site\mariliakarateka\actions-runner\bin'
[2025-05-17 13:33:37Z INFO ConfigurationStore] binPath: C:\Users\patri\site\mariliakarateka\actions-runner\bin
[2025-05-17 13:33:37Z INFO HostContext] Well known directory 'Bin': 'C:\Users\patri\site\mariliakarateka\actions-runner\bin'
[2025-05-17 13:33:37Z INFO HostContext] Well known directory 'Root': 'C:\Users\patri\site\mariliakarateka\actions-runner'
[2025-05-17 13:33:37Z INFO ConfigurationStore] RootFolder: C:\Users\patri\site\mariliakarateka\actions-runner
[2025-05-17 13:33:37Z INFO HostContext] Well known directory 'Bin': 'C:\Users\patri\site\mariliakarateka\actions-runner\bin'
[2025-05-17 13:33:37Z INFO HostContext] Well known directory 'Root': 'C:\Users\patri\site\mariliakarateka\actions-runner'
[2025-05-17 13:33:37Z INFO HostContext] Well known config file 'Runner': 'C:\Users\patri\site\mariliakarateka\actions-runner\.runner'
[2025-05-17 13:33:37Z INFO ConfigurationStore] ConfigFilePath: C:\Users\patri\site\mariliakarateka\actions-runner\.runner
[2025-05-17 13:33:37Z INFO HostContext] Well known directory 'Bin': 'C:\Users\patri\site\mariliakarateka\actions-runner\bin'
[2025-05-17 13:33:37Z INFO HostContext] Well known directory 'Root': 'C:\Users\patri\site\mariliakarateka\actions-runner'
[2025-05-17 13:33:37Z INFO HostContext] Well known config file 'Credentials': 'C:\Users\patri\site\mariliakarateka\actions-runner\.credentials'
[2025-05-17 13:33:37Z INFO ConfigurationStore] CredFilePath: C:\Users\patri\site\mariliakarateka\actions-runner\.credentials
[2025-05-17 13:33:37Z INFO HostContext] Well known directory 'Bin': 'C:\Users\patri\site\mariliakarateka\actions-runner\bin'
[2025-05-17 13:33:37Z INFO HostContext] Well known directory 'Root': 'C:\Users\patri\site\mariliakarateka\actions-runner'
[2025-05-17 13:33:37Z INFO HostContext] Well known config file 'MigratedCredentials': 'C:\Users\patri\site\mariliakarateka\actions-runner\.credentials_migrated'
[2025-05-17 13:33:37Z INFO ConfigurationStore] MigratedCredFilePath: C:\Users\patri\site\mariliakarateka\actions-runner\.credentials_migrated
[2025-05-17 13:33:37Z INFO HostContext] Well known directory 'Bin': 'C:\Users\patri\site\mariliakarateka\actions-runner\bin'
[2025-05-17 13:33:37Z INFO HostContext] Well known directory 'Root': 'C:\Users\patri\site\mariliakarateka\actions-runner'
[2025-05-17 13:33:37Z INFO HostContext] Well known config file 'Service': 'C:\Users\patri\site\mariliakarateka\actions-runner\.service'
[2025-05-17 13:33:37Z INFO ConfigurationStore] ServiceConfigFilePath: C:\Users\patri\site\mariliakarateka\actions-runner\.service
[2025-05-17 13:33:37Z INFO ConfigurationStore] Read setting file: 307 chars
[2025-05-17 13:33:37Z INFO JobRunner] Initializing launch client
[2025-05-17 13:33:37Z INFO JobServerQueue] Initializing results client
[2025-05-17 13:33:37Z INFO ResultServer] Creating websocket client ...wss://results-receiver.actions.githubusercontent.com/_ws/ingest.sock
[2025-05-17 13:33:37Z INFO ResultServer] Attempting to start websocket client with delay 00:00:00.
[2025-05-17 13:33:37Z INFO JobServerQueue] Start process web console line queue.
[2025-05-17 13:33:37Z INFO JobServerQueue] Start process file upload queue.
[2025-05-17 13:33:37Z INFO JobServerQueue] Start results file upload queue.
[2025-05-17 13:33:37Z INFO JobServerQueue] Starting results-based upload queue...
[2025-05-17 13:33:37Z INFO JobServerQueue] Start process timeline update queue.
[2025-05-17 13:33:37Z INFO ExecutionContext] Initialize GitHub context
[2025-05-17 13:33:37Z INFO ExecutionContext] Initialize Env context
[2025-05-17 13:33:37Z INFO HostContext] Well known directory 'Bin': 'C:\Users\patri\site\mariliakarateka\actions-runner\bin'
[2025-05-17 13:33:37Z INFO HostContext] Well known directory 'Root': 'C:\Users\patri\site\mariliakarateka\actions-runner'
[2025-05-17 13:33:37Z INFO HostContext] Well known directory 'Diag': 'C:\Users\patri\site\mariliakarateka\actions-runner\_diag'
[2025-05-17 13:33:37Z INFO HostContext] Well known directory 'Bin': 'C:\Users\patri\site\mariliakarateka\actions-runner\bin'
[2025-05-17 13:33:37Z INFO HostContext] Well known directory 'Root': 'C:\Users\patri\site\mariliakarateka\actions-runner'
[2025-05-17 13:33:37Z INFO HostContext] Well known directory 'Diag': 'C:\Users\patri\site\mariliakarateka\actions-runner\_diag'
[2025-05-17 13:33:37Z INFO JobRunner] Starting the job execution context.
[2025-05-17 13:33:37Z INFO HostContext] Well known directory 'Bin': 'C:\Users\patri\site\mariliakarateka\actions-runner\bin'
[2025-05-17 13:33:37Z INFO HostContext] Well known directory 'Root': 'C:\Users\patri\site\mariliakarateka\actions-runner'
[2025-05-17 13:33:37Z INFO HostContext] Well known directory 'Work': 'C:\Users\patri\site\mariliakarateka\actions-runner\_work'
[2025-05-17 13:33:37Z INFO JobRunner] Validating directory permissions for: 'C:\Users\patri\site\mariliakarateka\actions-runner\_work'
[2025-05-17 13:33:37Z INFO HostContext] Well known directory 'Bin': 'C:\Users\patri\site\mariliakarateka\actions-runner\bin'
[2025-05-17 13:33:37Z INFO HostContext] Well known directory 'Root': 'C:\Users\patri\site\mariliakarateka\actions-runner'
[2025-05-17 13:33:37Z INFO HostContext] Well known directory 'Work': 'C:\Users\patri\site\mariliakarateka\actions-runner\_work'
[2025-05-17 13:33:37Z INFO HostContext] Well known directory 'Tools': 'C:\Users\patri\site\mariliakarateka\actions-runner\_work\_tool'
[2025-05-17 13:33:37Z INFO HostContext] Well known directory 'Bin': 'C:\Users\patri\site\mariliakarateka\actions-runner\bin'
[2025-05-17 13:33:37Z INFO HostContext] Well known directory 'Root': 'C:\Users\patri\site\mariliakarateka\actions-runner'
[2025-05-17 13:33:37Z INFO HostContext] Well known directory 'Work': 'C:\Users\patri\site\mariliakarateka\actions-runner\_work'
[2025-05-17 13:33:37Z INFO HostContext] Well known directory 'Temp': 'C:\Users\patri\site\mariliakarateka\actions-runner\_work\_temp'
[2025-05-17 13:33:37Z INFO JobRunner] Getting job extension.
[2025-05-17 13:33:37Z INFO JobRunner] Initialize job. Getting all job steps.
[2025-05-17 13:33:37Z INFO HostContext] Well known directory 'Bin': 'C:\Users\patri\site\mariliakarateka\actions-runner\bin'
[2025-05-17 13:33:37Z INFO HostContext] Well known directory 'Root': 'C:\Users\patri\site\mariliakarateka\actions-runner'
[2025-05-17 13:33:37Z INFO HostContext] Well known directory 'Diag': 'C:\Users\patri\site\mariliakarateka\actions-runner\_diag'
[2025-05-17 13:33:37Z INFO HostContext] Well known directory 'Bin': 'C:\Users\patri\site\mariliakarateka\actions-runner\bin'
[2025-05-17 13:33:37Z INFO HostContext] Well known directory 'Root': 'C:\Users\patri\site\mariliakarateka\actions-runner'
[2025-05-17 13:33:37Z INFO HostContext] Well known directory 'Diag': 'C:\Users\patri\site\mariliakarateka\actions-runner\_diag'
[2025-05-17 13:33:37Z INFO HostContext] Well known directory 'Bin': 'C:\Users\patri\site\mariliakarateka\actions-runner\bin'
[2025-05-17 13:33:37Z INFO HostContext] Well known directory 'Root': 'C:\Users\patri\site\mariliakarateka\actions-runner'
[2025-05-17 13:33:37Z INFO HostContext] Well known config file 'Credentials': 'C:\Users\patri\site\mariliakarateka\actions-runner\.credentials'
[2025-05-17 13:33:37Z INFO HostContext] Well known directory 'Bin': 'C:\Users\patri\site\mariliakarateka\actions-runner\bin'
[2025-05-17 13:33:37Z INFO HostContext] Well known directory 'Root': 'C:\Users\patri\site\mariliakarateka\actions-runner'
[2025-05-17 13:33:37Z INFO HostContext] Well known config file 'SetupInfo': 'C:\Users\patri\site\mariliakarateka\actions-runner\.setup_info'
[2025-05-17 13:33:37Z INFO HostContext] Well known directory 'Bin': 'C:\Users\patri\site\mariliakarateka\actions-runner\bin'
[2025-05-17 13:33:37Z INFO HostContext] Well known directory 'Root': 'C:\Users\patri\site\mariliakarateka\actions-runner'
[2025-05-17 13:33:37Z INFO HostContext] Well known directory 'Work': 'C:\Users\patri\site\mariliakarateka\actions-runner\_work'
[2025-05-17 13:33:37Z INFO PipelineDirectoryManager] Loading tracking config if exists: C:\Users\patri\site\mariliakarateka\actions-runner\_work\_PipelineMapping\PattySousa/mariliakarateka\PipelineFolder.json
[2025-05-17 13:33:37Z INFO PipelineDirectoryManager] Updating job run properties.
[2025-05-17 13:33:37Z INFO HostContext] Well known directory 'Bin': 'C:\Users\patri\site\mariliakarateka\actions-runner\bin'
[2025-05-17 13:33:37Z INFO HostContext] Well known directory 'Root': 'C:\Users\patri\site\mariliakarateka\actions-runner'
[2025-05-17 13:33:37Z INFO HostContext] Well known directory 'Work': 'C:\Users\patri\site\mariliakarateka\actions-runner\_work'
[2025-05-17 13:33:37Z INFO HostContext] Well known directory 'Bin': 'C:\Users\patri\site\mariliakarateka\actions-runner\bin'
[2025-05-17 13:33:37Z INFO HostContext] Well known directory 'Root': 'C:\Users\patri\site\mariliakarateka\actions-runner'
[2025-05-17 13:33:37Z INFO HostContext] Well known directory 'Work': 'C:\Users\patri\site\mariliakarateka\actions-runner\_work'
[2025-05-17 13:33:37Z INFO HostContext] Well known directory 'Bin': 'C:\Users\patri\site\mariliakarateka\actions-runner\bin'
[2025-05-17 13:33:37Z INFO HostContext] Well known directory 'Root': 'C:\Users\patri\site\mariliakarateka\actions-runner'
[2025-05-17 13:33:37Z INFO HostContext] Well known directory 'Work': 'C:\Users\patri\site\mariliakarateka\actions-runner\_work'
[2025-05-17 13:33:37Z INFO JobExtension] Downloading actions
[2025-05-17 13:33:37Z INFO HostContext] Well known directory 'Bin': 'C:\Users\patri\site\mariliakarateka\actions-runner\bin'
[2025-05-17 13:33:37Z INFO HostContext] Well known directory 'Root': 'C:\Users\patri\site\mariliakarateka\actions-runner'
[2025-05-17 13:33:37Z INFO HostContext] Well known directory 'Work': 'C:\Users\patri\site\mariliakarateka\actions-runner\_work'
[2025-05-17 13:33:37Z INFO HostContext] Well known directory 'Actions': 'C:\Users\patri\site\mariliakarateka\actions-runner\_work\_actions'
[2025-05-17 13:33:37Z INFO Worker] Listening for cancel message from the channel.
[2025-05-17 13:33:37Z INFO Worker] Waiting for the job to complete or for a cancel message from the channel.
[2025-05-17 13:33:38Z INFO ResultServer] Successfully started websocket client.
[2025-05-17 13:33:38Z INFO JobServerQueue] Try to append 1 batches web console lines for record '6b1335b9-cc8c-4baa-a667-3c85cd24fc39', success rate: 1/1.
[2025-05-17 13:33:38Z INFO JobServerQueue] Try to append 1 batches web console lines for record '6b1335b9-cc8c-4baa-a667-3c85cd24fc39', success rate: 1/1.
[2025-05-17 13:33:38Z INFO JobServerQueue] Job timeline record has been updated for the first time.
[2025-05-17 13:33:38Z INFO HostContext] Well known directory 'Bin': 'C:\Users\patri\site\mariliakarateka\actions-runner\bin'
[2025-05-17 13:33:38Z INFO HostContext] Well known directory 'Root': 'C:\Users\patri\site\mariliakarateka\actions-runner'
[2025-05-17 13:33:38Z INFO HostContext] Well known directory 'Work': 'C:\Users\patri\site\mariliakarateka\actions-runner\_work'
[2025-05-17 13:33:38Z INFO HostContext] Well known directory 'Actions': 'C:\Users\patri\site\mariliakarateka\actions-runner\_work\_actions'
[2025-05-17 13:33:38Z INFO HostContext] Well known directory 'Bin': 'C:\Users\patri\site\mariliakarateka\actions-runner\bin'
[2025-05-17 13:33:38Z INFO HostContext] Well known directory 'Root': 'C:\Users\patri\site\mariliakarateka\actions-runner'
[2025-05-17 13:33:38Z INFO HostContext] Well known directory 'Work': 'C:\Users\patri\site\mariliakarateka\actions-runner\_work'
[2025-05-17 13:33:38Z INFO HostContext] Well known directory 'Actions': 'C:\Users\patri\site\mariliakarateka\actions-runner\_work\_actions'
[2025-05-17 13:33:38Z INFO ActionManager] Save archive 'https://api.github.com/repos/actions/checkout/zipball/f43a0e5ff2bd294095638e18286ca9a3d1956744' into C:\Users\patri\site\mariliakarateka\actions-runner\_work\_actions\_temp_2ddf107f-d995-40df-890c-390cdeae926f\073f9b21-3e5c-466c-8050-22f3cbf54298.zip.
[2025-05-17 13:33:38Z INFO JobServerQueue] Try to append 1 batches web console lines for record '6b1335b9-cc8c-4baa-a667-3c85cd24fc39', success rate: 1/1.
